<?xml version="1.0" encoding="UTF-8"?>
<!-- Generated by org.testng.reporters.JUnitReportReporter -->
<testsuite skipped="0" hostname="shimul" name="com.testng.day4" tests="3" failures="0" timestamp="06 Feb 2020 17:40:18 GMT" time="0.000" errors="0">
  <testcase name="MobileloginHomeLoan" time="0.000" classname="com.testng.day4"/>
  <testcase name="LoginAPIHomeLoan" time="0.000" classname="com.testng.day4"/>
  <testcase name="WebloginHomeLoan" time="0.000" classname="com.testng.day4"/>
</testsuite> <!-- com.testng.day4 -->
