<?xml version="1.0" encoding="UTF-8"?>
<!-- Generated by org.testng.reporters.JUnitReportReporter -->
<testsuite skipped="0" hostname="shimul" name="com.testng.day1" tests="1" failures="0" timestamp="12 Feb 2020 23:50:48 GMT" time="0.026" errors="0">
  <testcase name="demo" time="0.026" classname="com.testng.day1"/>
</testsuite> <!-- com.testng.day1 -->
