<?xml version="1.0" encoding="UTF-8"?>
<!-- Generated by org.testng.reporters.JUnitReportReporter -->
<testsuite skipped="0" hostname="shimul" name="com.testng.LoginDemo" tests="1" failures="0" timestamp="13 Feb 2020 00:11:16 GMT" time="15.156" errors="0">
  <testcase name="Login" time="15.156" classname="com.testng.LoginDemo"/>
</testsuite> <!-- com.testng.LoginDemo -->
